<?xml version="1.0" encoding="UTF-8"?>
<testng-results ignored="0" total="1" passed="1" failed="0" skipped="0">
  <reporter-output>
  </reporter-output>
  <suite started-at="2023-02-16T04:57:44Z" name="Suite" finished-at="2023-02-16T04:57:47Z" duration-ms="2320">
    <groups>
    </groups>
    <test started-at="2023-02-16T04:57:44Z" name="Test" finished-at="2023-02-16T04:57:47Z" duration-ms="2320">
      <class name="com.learnautomation.testcases.LoginTest">
        <test-method is-config="true" signature="setupSuite()[pri:0, instance:com.learnautomation.testcases.LoginTest@41005828]" started-at="2023-02-16T10:27:44Z" name="setupSuite" finished-at="2023-02-16T10:27:44Z" duration-ms="277" status="PASS">
          <reporter-output>
          </reporter-output>
        </test-method> <!-- setupSuite -->
        <test-method is-config="true" signature="setUp()[pri:0, instance:com.learnautomation.testcases.LoginTest@41005828]" started-at="2023-02-16T10:27:44Z" name="setUp" finished-at="2023-02-16T10:27:46Z" duration-ms="1498" status="PASS">
          <reporter-output>
          </reporter-output>
        </test-method> <!-- setUp -->
        <test-method signature="loginApp()[pri:0, instance:com.learnautomation.testcases.LoginTest@41005828]" started-at="2023-02-16T10:27:46Z" name="loginApp" finished-at="2023-02-16T10:27:46Z" duration-ms="375" status="PASS">
          <reporter-output>
          </reporter-output>
        </test-method> <!-- loginApp -->
        <test-method is-config="true" signature="tearDownMethod(org.testng.ITestResult)[pri:0, instance:com.learnautomation.testcases.LoginTest@41005828]" started-at="2023-02-16T10:27:46Z" name="tearDownMethod" finished-at="2023-02-16T10:27:47Z" duration-ms="286" status="PASS">
          <params>
            <param index="0">
              <value>
                <![CDATA[[TestResult name=loginApp status=SUCCESS method=LoginTest.loginApp()[pri:0, instance:com.learnautomation.testcases.LoginTest@41005828] output={null}]]]>
              </value>
            </param>
          </params>
          <reporter-output>
          </reporter-output>
        </test-method> <!-- tearDownMethod -->
        <test-method is-config="true" signature="tearDown()[pri:0, instance:com.learnautomation.testcases.LoginTest@41005828]" started-at="2023-02-16T10:27:47Z" name="tearDown" finished-at="2023-02-16T10:27:47Z" duration-ms="153" status="PASS">
          <reporter-output>
          </reporter-output>
        </test-method> <!-- tearDown -->
      </class> <!-- com.learnautomation.testcases.LoginTest -->
    </test> <!-- Test -->
  </suite> <!-- Suite -->
</testng-results>
